TN:
SF:src\createFiles.js
FN:6,defaultDependencies
FN:20,executeWrites
FN:26,createFiles
FNF:3
FNH:3
FNDA:6,defaultDependencies
FNDA:3,executeWrites
FNDA:4,createFiles
DA:1,1
DA:2,1
DA:3,1
DA:4,1
DA:5,1
DA:6,1
DA:7,6
DA:8,6
DA:9,6
DA:10,6
DA:11,6
DA:12,6
DA:13,6
DA:14,6
DA:15,6
DA:16,6
DA:17,6
DA:18,6
DA:19,1
DA:20,3
DA:21,3
DA:22,3
DA:23,3
DA:24,3
DA:25,1
DA:26,1
DA:27,4
DA:28,4
DA:29,4
DA:30,7
DA:31,7
DA:32,1
DA:33,1
DA:34,6
DA:35,6
DA:36,6
DA:37,6
DA:38,6
DA:39,6
DA:40,6
DA:41,6
DA:42,3
DA:43,3
DA:44,3
DA:45,3
DA:46,3
LF:46
LH:46
BRDA:6,0,0,6
BRDA:20,1,0,3
BRDA:22,2,0,6
BRDA:26,3,0,4
BRDA:29,4,0,7
BRDA:31,5,0,1
BRDA:33,6,0,6
BRDA:41,7,0,3
BRDA:30,8,0,13
BRF:9
BRH:9
end_of_record
TN:
SF:src\createLayers.js
FN:4,createLayersIfNotExists
FNF:1
FNH:1
FNDA:2,createLayersIfNotExists
DA:1,1
DA:2,1
DA:3,1
DA:4,1
DA:5,2
DA:6,2
DA:7,2
DA:8,2
DA:9,2
LF:9
LH:9
BRDA:4,0,0,2
BRDA:6,1,0,6
BRDA:7,2,0,3
BRF:3
BRH:3
end_of_record
TN:
SF:src\util.js
FN:2,#transform
FN:13,upperCaseFirstLetter
FN:17,lowerCaseFirstLetter
FNF:3
FNH:3
FNDA:24,#transform
FNDA:10,upperCaseFirstLetter
FNDA:14,lowerCaseFirstLetter
DA:1,1
DA:2,1
DA:3,24
DA:4,5
DA:5,5
DA:6,19
DA:7,24
DA:8,10
DA:9,24
DA:10,24
DA:11,24
DA:12,1
DA:13,1
DA:14,10
DA:15,10
DA:16,1
DA:17,1
DA:18,14
DA:19,14
DA:20,1
LF:20
LH:20
BRDA:2,0,0,24
BRDA:3,1,0,22
BRDA:3,2,0,5
BRDA:5,3,0,19
BRDA:6,4,0,9
BRDA:7,5,0,10
BRDA:13,6,0,10
BRDA:17,7,0,14
BRF:8
BRH:8
end_of_record
TN:
SF:src\templates\factoryTemplate.js
FN:20,factoryTemplate
FNF:1
FNH:1
FNDA:1,factoryTemplate
DA:1,1
DA:2,1
DA:3,1
DA:4,1
DA:5,1
DA:6,1
DA:7,1
DA:8,1
DA:9,1
DA:10,1
DA:11,1
DA:12,1
DA:13,1
DA:14,1
DA:15,1
DA:16,1
DA:17,1
DA:18,1
DA:19,1
DA:20,1
DA:21,1
DA:22,1
DA:23,1
DA:24,1
DA:25,1
DA:26,1
DA:27,1
DA:28,1
DA:29,1
DA:30,1
DA:31,1
DA:32,1
DA:33,1
LF:33
LH:33
BRDA:20,0,0,1
BRF:1
BRH:1
end_of_record
TN:
SF:src\templates\index.js
FNF:0
FNH:0
DA:1,1
DA:2,1
DA:3,1
DA:4,1
DA:5,1
DA:6,1
DA:7,1
DA:8,1
DA:9,1
LF:9
LH:9
BRF:0
BRH:0
end_of_record
TN:
SF:src\templates\repositoryTemplate.js
FN:25,repositoryTemplate
FNF:1
FNH:1
FNDA:3,repositoryTemplate
DA:1,1
DA:2,1
DA:3,1
DA:4,1
DA:5,1
DA:6,1
DA:7,1
DA:8,1
DA:9,1
DA:10,1
DA:11,1
DA:12,1
DA:13,1
DA:14,1
DA:15,1
DA:16,1
DA:17,1
DA:18,1
DA:19,1
DA:20,1
DA:21,1
DA:22,1
DA:23,1
DA:24,1
DA:25,1
DA:26,3
DA:27,3
DA:28,3
DA:29,3
DA:30,3
LF:30
LH:30
BRDA:25,0,0,3
BRF:1
BRH:1
end_of_record
TN:
SF:src\templates\serviceTemplate.js
FN:29,serviceTemplate
FNF:1
FNH:1
FNDA:2,serviceTemplate
DA:1,1
DA:2,1
DA:3,1
DA:4,1
DA:5,1
DA:6,1
DA:7,1
DA:8,1
DA:9,1
DA:10,1
DA:11,1
DA:12,1
DA:13,1
DA:14,1
DA:15,1
DA:16,1
DA:17,1
DA:18,1
DA:19,1
DA:20,1
DA:21,1
DA:22,1
DA:23,1
DA:24,1
DA:25,1
DA:26,1
DA:27,1
DA:28,1
DA:29,1
DA:30,2
DA:31,2
DA:32,2
DA:33,2
DA:34,2
DA:35,2
DA:36,2
DA:37,2
DA:38,2
DA:39,2
DA:40,2
LF:40
LH:40
BRDA:29,0,0,2
BRF:1
BRH:1
end_of_record
