{"C:\\Users\\mathe\\Documents\\Estudos\\modulo07-DesignPatterns\\structural\\02.adapter\\src\\business\\adapters\\rickAndMortyBRLAdapter.js": {"path":"C:\\Users\\mathe\\Documents\\Estudos\\modulo07-DesignPatterns\\structural\\02.adapter\\src\\business\\adapters\\rickAndMortyBRLAdapter.js","all":false,"statementMap":{"0":{"start":{"line":1,"column":0},"end":{"line":1,"column":66}},"1":{"start":{"line":2,"column":0},"end":{"line":2,"column":0}},"2":{"start":{"line":3,"column":0},"end":{"line":3,"column":45}},"3":{"start":{"line":4,"column":0},"end":{"line":4,"column":34}},"4":{"start":{"line":5,"column":0},"end":{"line":5,"column":54}},"5":{"start":{"line":6,"column":0},"end":{"line":6,"column":5}},"6":{"start":{"line":7,"column":0},"end":{"line":7,"column":1}}},"s":{"0":1,"1":1,"2":1,"3":1,"4":1,"5":1,"6":1},"branchMap":{"0":{"type":"branch","line":4,"loc":{"start":{"line":4,"column":4},"end":{"line":6,"column":5}},"locations":[{"start":{"line":4,"column":4},"end":{"line":6,"column":5}}]}},"b":{"0":[1]},"fnMap":{"0":{"name":"getCharacters","decl":{"start":{"line":4,"column":4},"end":{"line":6,"column":5}},"loc":{"start":{"line":4,"column":4},"end":{"line":6,"column":5}},"line":4}},"f":{"0":1}}
,"C:\\Users\\mathe\\Documents\\Estudos\\modulo07-DesignPatterns\\structural\\02.adapter\\src\\business\\adapters\\rickAndMortyUSAAdapter.js": {"path":"C:\\Users\\mathe\\Documents\\Estudos\\modulo07-DesignPatterns\\structural\\02.adapter\\src\\business\\adapters\\rickAndMortyUSAAdapter.js","all":false,"statementMap":{"0":{"start":{"line":1,"column":0},"end":{"line":1,"column":66}},"1":{"start":{"line":2,"column":0},"end":{"line":2,"column":0}},"2":{"start":{"line":3,"column":0},"end":{"line":3,"column":45}},"3":{"start":{"line":4,"column":0},"end":{"line":4,"column":34}},"4":{"start":{"line":5,"column":0},"end":{"line":5,"column":53}},"5":{"start":{"line":6,"column":0},"end":{"line":6,"column":5}},"6":{"start":{"line":7,"column":0},"end":{"line":7,"column":1}}},"s":{"0":1,"1":1,"2":1,"3":1,"4":1,"5":1,"6":1},"branchMap":{"0":{"type":"branch","line":4,"loc":{"start":{"line":4,"column":4},"end":{"line":6,"column":5}},"locations":[{"start":{"line":4,"column":4},"end":{"line":6,"column":5}}]}},"b":{"0":[1]},"fnMap":{"0":{"name":"getCharacters","decl":{"start":{"line":4,"column":4},"end":{"line":6,"column":5}},"loc":{"start":{"line":4,"column":4},"end":{"line":6,"column":5}},"line":4}},"f":{"0":1}}
,"C:\\Users\\mathe\\Documents\\Estudos\\modulo07-DesignPatterns\\structural\\02.adapter\\src\\business\\integrations\\rickAndMortyBRL.js": {"path":"C:\\Users\\mathe\\Documents\\Estudos\\modulo07-DesignPatterns\\structural\\02.adapter\\src\\business\\integrations\\rickAndMortyBRL.js","all":false,"statementMap":{"0":{"start":{"line":1,"column":0},"end":{"line":1,"column":51}},"1":{"start":{"line":2,"column":0},"end":{"line":2,"column":169}},"2":{"start":{"line":3,"column":0},"end":{"line":3,"column":0}},"3":{"start":{"line":4,"column":0},"end":{"line":4,"column":38}},"4":{"start":{"line":5,"column":0},"end":{"line":5,"column":42}},"5":{"start":{"line":6,"column":0},"end":{"line":6,"column":75}},"6":{"start":{"line":7,"column":0},"end":{"line":7,"column":41}},"7":{"start":{"line":8,"column":0},"end":{"line":8,"column":55}},"8":{"start":{"line":9,"column":0},"end":{"line":9,"column":5}},"9":{"start":{"line":10,"column":0},"end":{"line":10,"column":1}}},"s":{"0":1,"1":1,"2":1,"3":1,"4":1,"5":2,"6":2,"7":2,"8":2,"9":1},"branchMap":{"0":{"type":"branch","line":5,"loc":{"start":{"line":5,"column":4},"end":{"line":9,"column":5}},"locations":[{"start":{"line":5,"column":4},"end":{"line":9,"column":5}}]},"1":{"type":"branch","line":6,"loc":{"start":{"line":6,"column":47},"end":{"line":6,"column":74}},"locations":[{"start":{"line":6,"column":47},"end":{"line":6,"column":74}}]},"2":{"type":"branch","line":8,"loc":{"start":{"line":8,"column":27},"end":{"line":8,"column":54}},"locations":[{"start":{"line":8,"column":27},"end":{"line":8,"column":54}}]}},"b":{"0":[2],"1":[2],"2":[1]},"fnMap":{"0":{"name":"getCharactersFromJSON","decl":{"start":{"line":5,"column":4},"end":{"line":9,"column":5}},"loc":{"start":{"line":5,"column":4},"end":{"line":9,"column":5}},"line":5}},"f":{"0":2}}
,"C:\\Users\\mathe\\Documents\\Estudos\\modulo07-DesignPatterns\\structural\\02.adapter\\src\\business\\integrations\\rickAndMortyUSA.js": {"path":"C:\\Users\\mathe\\Documents\\Estudos\\modulo07-DesignPatterns\\structural\\02.adapter\\src\\business\\integrations\\rickAndMortyUSA.js","all":false,"statementMap":{"0":{"start":{"line":1,"column":0},"end":{"line":1,"column":51}},"1":{"start":{"line":2,"column":0},"end":{"line":2,"column":43}},"2":{"start":{"line":3,"column":0},"end":{"line":3,"column":168}},"3":{"start":{"line":4,"column":0},"end":{"line":4,"column":0}},"4":{"start":{"line":5,"column":0},"end":{"line":5,"column":38}},"5":{"start":{"line":6,"column":0},"end":{"line":6,"column":41}},"6":{"start":{"line":7,"column":0},"end":{"line":7,"column":75}},"7":{"start":{"line":8,"column":0},"end":{"line":8,"column":25}},"8":{"start":{"line":9,"column":0},"end":{"line":9,"column":32}},"9":{"start":{"line":10,"column":0},"end":{"line":10,"column":32}},"10":{"start":{"line":11,"column":0},"end":{"line":11,"column":9}},"11":{"start":{"line":12,"column":0},"end":{"line":12,"column":98}},"12":{"start":{"line":13,"column":0},"end":{"line":13,"column":75}},"13":{"start":{"line":14,"column":0},"end":{"line":14,"column":61}},"14":{"start":{"line":15,"column":0},"end":{"line":15,"column":8}},"15":{"start":{"line":16,"column":0},"end":{"line":16,"column":5}},"16":{"start":{"line":17,"column":0},"end":{"line":17,"column":1}}},"s":{"0":1,"1":1,"2":1,"3":1,"4":1,"5":1,"6":2,"7":2,"8":2,"9":2,"10":2,"11":2,"12":2,"13":2,"14":2,"15":2,"16":1},"branchMap":{"0":{"type":"branch","line":6,"loc":{"start":{"line":6,"column":4},"end":{"line":16,"column":5}},"locations":[{"start":{"line":6,"column":4},"end":{"line":16,"column":5}}]},"1":{"type":"branch","line":13,"loc":{"start":{"line":13,"column":52},"end":{"line":13,"column":62}},"locations":[{"start":{"line":13,"column":52},"end":{"line":13,"column":62}}]},"2":{"type":"branch","line":13,"loc":{"start":{"line":13,"column":62},"end":{"line":13,"column":74}},"locations":[{"start":{"line":13,"column":62},"end":{"line":13,"column":74}}]},"3":{"type":"branch","line":7,"loc":{"start":{"line":7,"column":47},"end":{"line":7,"column":74}},"locations":[{"start":{"line":7,"column":47},"end":{"line":7,"column":74}}]},"4":{"type":"branch","line":14,"loc":{"start":{"line":14,"column":33},"end":{"line":14,"column":60}},"locations":[{"start":{"line":14,"column":33},"end":{"line":14,"column":60}}]}},"b":{"0":[2],"1":[1],"2":[1],"3":[2],"4":[1]},"fnMap":{"0":{"name":"getCharactersFromXML","decl":{"start":{"line":6,"column":4},"end":{"line":16,"column":5}},"loc":{"start":{"line":6,"column":4},"end":{"line":16,"column":5}},"line":6}},"f":{"0":2}}
,"C:\\Users\\mathe\\Documents\\Estudos\\modulo07-DesignPatterns\\structural\\02.adapter\\src\\entities\\character.js": {"path":"C:\\Users\\mathe\\Documents\\Estudos\\modulo07-DesignPatterns\\structural\\02.adapter\\src\\entities\\character.js","all":false,"statementMap":{"0":{"start":{"line":1,"column":0},"end":{"line":1,"column":32}},"1":{"start":{"line":2,"column":0},"end":{"line":2,"column":80}},"2":{"start":{"line":3,"column":0},"end":{"line":3,"column":28}},"3":{"start":{"line":4,"column":0},"end":{"line":4,"column":24}},"4":{"start":{"line":5,"column":0},"end":{"line":5,"column":28}},"5":{"start":{"line":6,"column":0},"end":{"line":6,"column":30}},"6":{"start":{"line":7,"column":0},"end":{"line":7,"column":24}},"7":{"start":{"line":8,"column":0},"end":{"line":8,"column":28}},"8":{"start":{"line":9,"column":0},"end":{"line":9,"column":34}},"9":{"start":{"line":10,"column":0},"end":{"line":10,"column":38}},"10":{"start":{"line":11,"column":0},"end":{"line":11,"column":5}},"11":{"start":{"line":12,"column":0},"end":{"line":12,"column":1}}},"s":{"0":1,"1":1,"2":3,"3":3,"4":3,"5":3,"6":3,"7":3,"8":3,"9":3,"10":3,"11":1},"branchMap":{"0":{"type":"branch","line":2,"loc":{"start":{"line":2,"column":4},"end":{"line":11,"column":5}},"locations":[{"start":{"line":2,"column":4},"end":{"line":11,"column":5}}]}},"b":{"0":[3]},"fnMap":{"0":{"name":"Character","decl":{"start":{"line":2,"column":4},"end":{"line":11,"column":5}},"loc":{"start":{"line":2,"column":4},"end":{"line":11,"column":5}},"line":2}},"f":{"0":3}}
}
