TN:
SF:src\business\adapters\rickAndMortyBRLAdapter.js
FN:4,getCharacters
FNF:1
FNH:1
FNDA:1,getCharacters
DA:1,1
DA:2,1
DA:3,1
DA:4,1
DA:5,1
DA:6,1
DA:7,1
LF:7
LH:7
BRDA:4,0,0,1
BRF:1
BRH:1
end_of_record
TN:
SF:src\business\adapters\rickAndMortyUSAAdapter.js
FN:4,getCharacters
FNF:1
FNH:1
FNDA:1,getCharacters
DA:1,1
DA:2,1
DA:3,1
DA:4,1
DA:5,1
DA:6,1
DA:7,1
LF:7
LH:7
BRDA:4,0,0,1
BRF:1
BRH:1
end_of_record
TN:
SF:src\business\integrations\rickAndMortyBRL.js
FN:5,getCharactersFromJSON
FNF:1
FNH:1
FNDA:2,getCharactersFromJSON
DA:1,1
DA:2,1
DA:3,1
DA:4,1
DA:5,1
DA:6,2
DA:7,2
DA:8,2
DA:9,2
DA:10,1
LF:10
LH:10
BRDA:5,0,0,2
BRDA:6,1,0,2
BRDA:8,2,0,1
BRF:3
BRH:3
end_of_record
TN:
SF:src\business\integrations\rickAndMortyUSA.js
FN:6,getCharactersFromXML
FNF:1
FNH:1
FNDA:2,getCharactersFromXML
DA:1,1
DA:2,1
DA:3,1
DA:4,1
DA:5,1
DA:6,1
DA:7,2
DA:8,2
DA:9,2
DA:10,2
DA:11,2
DA:12,2
DA:13,2
DA:14,2
DA:15,2
DA:16,2
DA:17,1
LF:17
LH:17
BRDA:6,0,0,2
BRDA:13,1,0,1
BRDA:13,2,0,1
BRDA:7,3,0,2
BRDA:14,4,0,1
BRF:5
BRH:5
end_of_record
TN:
SF:src\entities\character.js
FN:2,Character
FNF:1
FNH:1
FNDA:3,Character
DA:1,1
DA:2,1
DA:3,3
DA:4,3
DA:5,3
DA:6,3
DA:7,3
DA:8,3
DA:9,3
DA:10,3
DA:11,3
DA:12,1
LF:12
LH:12
BRDA:2,0,0,3
BRF:1
BRH:1
end_of_record
